# JRE version: Java(TM) SE Runtime Environment (21.0.3+7) (build 21.0.3+7-LTS-152)
# Java VM: Java HotSpot(TM) 64-Bit Server VM (21.0.3+7-LTS-152, mixed mode, emulated-client, sharing, tiered, compressed oops, compressed class ptrs, g1 gc, windows-amd64)
GC Precious Log:
 CardTable entry size: 512
 Card Set container configuration: InlinePtr #cards 5 size 8 Array Of Cards #cards 12 size 40 Howl #buckets 4 coarsen threshold 1843 Howl Bitmap #cards 512 size 80 coarsen threshold 460 Card regions per heap region 1 cards per card region 2048
 CPUs: 8 total, 8 available
 Memory: 8042M
 Large Page Support: Disabled
 NUMA Support: Disabled
 Compressed Oops: Enabled (32-bit)
 Heap Region Size: 1M
 Heap Min Capacity: 8M
 Heap Initial Capacity: 126M
 Heap Max Capacity: 2012M
 Pre-touch: Disabled
 Parallel Workers: 8
 Concurrent Workers: 2
 Concurrent Refinement Workers: 8
 Periodic GC: Disabled
Heap:
 garbage-first heap   total 66560K, used 49239K [0x0000000082400000, 0x0000000100000000)
  region size 1024K, 29 young (29696K), 5 survivors (5120K)
 Metaspace       used 58004K, committed 58624K, reserved 1114112K
  class space    used 8157K, committed 8448K, reserved 1048576K
GC Heap History (18 events):
Event: 0.948 GC heap before
{Heap before GC invocations=0 (full 0):
 garbage-first heap   total 129024K, used 23552K [0x0000000082400000, 0x0000000100000000)
  region size 1024K, 23 young (23552K), 0 survivors (0K)
 Metaspace       used 7082K, committed 7296K, reserved 1114112K
  class space    used 857K, committed 960K, reserved 1048576K
}
Event: 0.957 GC heap after
{Heap after GC invocations=1 (full 0):
 garbage-first heap   total 129024K, used 8319K [0x0000000082400000, 0x0000000100000000)
  region size 1024K, 3 young (3072K), 3 survivors (3072K)
 Metaspace       used 7082K, committed 7296K, reserved 1114112K
  class space    used 857K, committed 960K, reserved 1048576K
}
Event: 1.645 GC heap before
{Heap before GC invocations=1 (full 0):
 garbage-first heap   total 129024K, used 34943K [0x0000000082400000, 0x0000000100000000)
  region size 1024K, 29 young (29696K), 3 survivors (3072K)
 Metaspace       used 13424K, committed 13824K, reserved 1114112K
  class space    used 1757K, committed 1920K, reserved 1048576K
}
Event: 1.653 GC heap after
{Heap after GC invocations=2 (full 0):
 garbage-first heap   total 129024K, used 11048K [0x0000000082400000, 0x0000000100000000)
  region size 1024K, 3 young (3072K), 3 survivors (3072K)
 Metaspace       used 13424K, committed 13824K, reserved 1114112K
  class space    used 1757K, committed 1920K, reserved 1048576K
}
Event: 2.321 GC heap before
{Heap before GC invocations=2 (full 0):
 garbage-first heap   total 129024K, used 49960K [0x0000000082400000, 0x0000000100000000)
  region size 1024K, 43 young (44032K), 3 survivors (3072K)
 Metaspace       used 20684K, committed 20992K, reserved 1114112K
  class space    used 2718K, committed 2880K, reserved 1048576K
}
Event: 2.331 GC heap after
{Heap after GC invocations=3 (full 0):
 garbage-first heap   total 129024K, used 14712K [0x0000000082400000, 0x0000000100000000)
  region size 1024K, 6 young (6144K), 6 survivors (6144K)
 Metaspace       used 20684K, committed 20992K, reserved 1114112K
  class space    used 2718K, committed 2880K, reserved 1048576K
}
Event: 2.943 GC heap before
{Heap before GC invocations=4 (full 0):
 garbage-first heap   total 55296K, used 41336K [0x0000000082400000, 0x0000000100000000)
  region size 1024K, 32 young (32768K), 6 survivors (6144K)
 Metaspace       used 23454K, committed 23872K, reserved 1114112K
  class space    used 3144K, committed 3328K, reserved 1048576K
}
Event: 2.959 GC heap after
{Heap after GC invocations=5 (full 0):
 garbage-first heap   total 55296K, used 16740K [0x0000000082400000, 0x0000000100000000)
  region size 1024K, 3 young (3072K), 3 survivors (3072K)
 Metaspace       used 23454K, committed 23872K, reserved 1114112K
  class space    used 3144K, committed 3328K, reserved 1048576K
}
Event: 3.555 GC heap before
{Heap before GC invocations=5 (full 0):
 garbage-first heap   total 55296K, used 40292K [0x0000000082400000, 0x0000000100000000)
  region size 1024K, 26 young (26624K), 3 survivors (3072K)
 Metaspace       used 27157K, committed 27712K, reserved 1114112K
  class space    used 3727K, committed 3968K, reserved 1048576K
}
Event: 3.564 GC heap after
{Heap after GC invocations=6 (full 0):
 garbage-first heap   total 55296K, used 18432K [0x0000000082400000, 0x0000000100000000)
  region size 1024K, 4 young (4096K), 4 survivors (4096K)
 Metaspace       used 27157K, committed 27712K, reserved 1114112K
  class space    used 3727K, committed 3968K, reserved 1048576K
}
Event: 3.947 GC heap before
{Heap before GC invocations=6 (full 0):
 garbage-first heap   total 55296K, used 43008K [0x0000000082400000, 0x0000000100000000)
  region size 1024K, 28 young (28672K), 4 survivors (4096K)
 Metaspace       used 30167K, committed 30656K, reserved 1114112K
  class space    used 4147K, committed 4352K, reserved 1048576K
}
Event: 3.952 GC heap after
{Heap after GC invocations=7 (full 0):
 garbage-first heap   total 66560K, used 20581K [0x0000000082400000, 0x0000000100000000)
  region size 1024K, 2 young (2048K), 2 survivors (2048K)
 Metaspace       used 30167K, committed 30656K, reserved 1114112K
  class space    used 4147K, committed 4352K, reserved 1048576K
}
Event: 4.282 GC heap before
{Heap before GC invocations=7 (full 0):
 garbage-first heap   total 66560K, used 36965K [0x0000000082400000, 0x0000000100000000)
  region size 1024K, 20 young (20480K), 2 survivors (2048K)
 Metaspace       used 34428K, committed 35008K, reserved 1114112K
  class space    used 4773K, committed 5056K, reserved 1048576K
}
Event: 4.285 GC heap after
{Heap after GC invocations=8 (full 0):
 garbage-first heap   total 66560K, used 21334K [0x0000000082400000, 0x0000000100000000)
  region size 1024K, 3 young (3072K), 3 survivors (3072K)
 Metaspace       used 34428K, committed 35008K, reserved 1114112K
  class space    used 4773K, committed 5056K, reserved 1048576K
}
Event: 5.243 GC heap before
{Heap before GC invocations=9 (full 0):
 garbage-first heap   total 66560K, used 55126K [0x0000000082400000, 0x0000000100000000)
  region size 1024K, 36 young (36864K), 3 survivors (3072K)
 Metaspace       used 45636K, committed 46272K, reserved 1114112K
  class space    used 6309K, committed 6592K, reserved 1048576K
}
Event: 5.249 GC heap after
{Heap after GC invocations=10 (full 0):
 garbage-first heap   total 66560K, used 24127K [0x0000000082400000, 0x0000000100000000)
  region size 1024K, 5 young (5120K), 5 survivors (5120K)
 Metaspace       used 45636K, committed 46272K, reserved 1114112K
  class space    used 6309K, committed 6592K, reserved 1048576K
}
Event: 5.818 GC heap before
{Heap before GC invocations=10 (full 0):
 garbage-first heap   total 66560K, used 56895K [0x0000000082400000, 0x0000000100000000)
  region size 1024K, 37 young (37888K), 5 survivors (5120K)
 Metaspace       used 54129K, committed 54784K, reserved 1114112K
  class space    used 7562K, committed 7872K, reserved 1048576K
}
Event: 5.824 GC heap after
{Heap after GC invocations=11 (full 0):
 garbage-first heap   total 66560K, used 25687K [0x0000000082400000, 0x0000000100000000)
  region size 1024K, 5 young (5120K), 5 survivors (5120K)
 Metaspace       used 54129K, committed 54784K, reserved 1114112K
  class space    used 7562K, committed 7872K, reserved 1048576K
}

